<?xml version="1.0" encoding="UTF-8"?>
<!-- Generated by org.testng.reporters.JUnitXMLReporter -->
<testsuite hostname="DESKTOP-9715G1F" ignored="0" name="Test2" tests="4" failures="0" timestamp="2021-10-31T14:36:55 IST" time="0.128" errors="0">
  <testcase name="f1Test" time="0.031" classname="Grouping.New1Test"/>
  <testcase name="f2Test" time="0.0" classname="Grouping.New1Test"/>
  <testcase name="f3Test" time="0.0" classname="Grouping.New1Test"/>
  <testcase name="f4Test" time="0.0" classname="Grouping.New1Test"/>
</testsuite> <!-- Test2 -->
