<?xml version="1.0" encoding="UTF-8"?>
<testng-results skipped="0" failed="0" ignored="0" total="2" passed="2">
  <reporter-output>
  </reporter-output>
  <suite name="Default suite" duration-ms="91" started-at="2020-08-07T17:19:44 IST" finished-at="2020-08-07T17:19:44 IST">
    <groups>
    </groups>
    <test name="Default test" duration-ms="91" started-at="2020-08-07T17:19:44 IST" finished-at="2020-08-07T17:19:44 IST">
      <class name="com.qa.tests.LoginTest">
        <test-method status="PASS" signature="hometest()[pri:0, instance:com.qa.tests.LoginTest@cd2dae5]" name="hometest" duration-ms="16" started-at="2020-08-07T17:19:44 IST" finished-at="2020-08-07T17:19:44 IST">
          <reporter-output>
          </reporter-output>
        </test-method> <!-- hometest -->
        <test-method status="PASS" signature="logintest()[pri:0, instance:com.qa.tests.LoginTest@cd2dae5]" name="logintest" duration-ms="2" started-at="2020-08-07T17:19:44 IST" finished-at="2020-08-07T17:19:44 IST">
          <reporter-output>
          </reporter-output>
        </test-method> <!-- logintest -->
      </class> <!-- com.qa.tests.LoginTest -->
    </test> <!-- Default test -->
  </suite> <!-- Default suite -->
</testng-results>
